<?xml version="1.0" encoding="UTF-8"?>
<!-- Generated by org.testng.reporters.JUnitReportReporter -->
<testsuite hostname="LAPTOP-TDRD4JLN" failures="0" tests="3" name="UITesting1.UITest5" time="161.263" errors="0" timestamp="2023-06-18T23:21:33 IST" skipped="0">
  <testcase classname="UITesting1.UITest5" name="test" time="55.213"/>
  <system-out/>
  <testcase classname="UITesting1.UITest5" name="test" time="52.117"/>
  <system-out/>
  <testcase classname="UITesting1.UITest5" name="test" time="53.933"/>
  <system-out/>
</testsuite> <!-- UITesting1.UITest5 -->
