<?xml version="1.0" encoding="UTF-8"?>
<!-- Generated by org.testng.reporters.JUnitReportReporter -->
<testsuite hostname="LAPTOP-TDRD4JLN" failures="0" tests="3" name="UITesting1.UITest1" time="202.875" errors="0" timestamp="2023-06-18T23:21:33 IST" skipped="0">
  <testcase classname="UITesting1.UITest1" name="test" time="66.565"/>
  <system-out/>
  <testcase classname="UITesting1.UITest1" name="test" time="65.676"/>
  <system-out/>
  <testcase classname="UITesting1.UITest1" name="test" time="70.634"/>
  <system-out/>
</testsuite> <!-- UITesting1.UITest1 -->
