<?xml version="1.0" encoding="UTF-8"?>
<!-- Generated by org.testng.reporters.JUnitReportReporter -->
<testsuite hostname="LAPTOP-TDRD4JLN" failures="0" tests="3" name="UITesting1.UITest4" time="206.031" errors="0" timestamp="2023-06-18T23:21:33 IST" skipped="0">
  <testcase classname="UITesting1.UITest4" name="test" time="66.406"/>
  <system-out/>
  <testcase classname="UITesting1.UITest4" name="test" time="70.660"/>
  <system-out/>
  <testcase classname="UITesting1.UITest4" name="test" time="68.965"/>
  <system-out/>
</testsuite> <!-- UITesting1.UITest4 -->
