<?xml version="1.0" encoding="UTF-8"?>
<!-- Generated by org.testng.reporters.JUnitReportReporter -->
<testsuite hostname="LAPTOP-TDRD4JLN" failures="0" tests="3" name="UITesting1.UITest2" time="177.673" errors="0" timestamp="2023-06-18T23:21:33 IST" skipped="0">
  <testcase classname="UITesting1.UITest2" name="test" time="64.119"/>
  <system-out/>
  <testcase classname="UITesting1.UITest2" name="test" time="56.991"/>
  <system-out/>
  <testcase classname="UITesting1.UITest2" name="test" time="56.563"/>
  <system-out/>
</testsuite> <!-- UITesting1.UITest2 -->
