<?xml version="1.0" encoding="UTF-8"?>
<!-- Generated by org.testng.reporters.JUnitReportReporter -->
<testsuite hostname="LAPTOP-TDRD4JLN" failures="0" tests="2" name="UItesting.Test1" time="25.706" errors="0" timestamp="2023-06-18T20:56:06 IST" skipped="0">
  <testcase classname="UItesting.Test1" name="firstUrl" time="12.198"/>
  <system-out/>
  <testcase classname="UItesting.Test1" name="secoundUrl" time="13.508"/>
  <system-out/>
</testsuite> <!-- UItesting.Test1 -->
